REPORT LOGGER STARTED
14:32 4.11.2019 Среда [INFO]:-------------------
14:32 4.11.2019 Среда [INFO]:Request:
14:32 4.11.2019 Среда [INFO]:--------
14:32 4.11.2019 Среда [INFO]: reportName: Отчет по взысканным ДС
14:32 4.11.2019 Среда [INFO]: reportUrl: paymentresult-mode0
14:32 4.11.2019 Среда [INFO]: params:
14:32 4.11.2019 Среда [INFO]:    DateFrom: 01.11.2019
14:32 4.11.2019 Среда [INFO]:    DateTo: 03.11.2019
14:32 4.11.2019 Среда [INFO]:    DepartmentID: 39
14:32 4.11.2019 Среда [INFO]:    Claimant: 8
14:32 4.11.2019 Среда [INFO]:--------
14:32 4.11.2019 Среда [INFO]:End request
14:32 4.11.2019 Среда [INFO]:-------------------
14:33 4.11.2019 Среда [INFO]:-------------------
14:33 4.11.2019 Среда [INFO]:Request:
14:33 4.11.2019 Среда [INFO]:--------
14:33 4.11.2019 Среда [INFO]: reportName: Отчет по взысканным ДС
14:33 4.11.2019 Среда [INFO]: reportUrl: paymentresult-mode0
14:33 4.11.2019 Среда [INFO]: params:
14:33 4.11.2019 Среда [INFO]:    DateFrom: 01.11.2019
14:33 4.11.2019 Среда [INFO]:    DateTo: 03.11.2019
14:33 4.11.2019 Среда [INFO]:    DepartmentID: 39
14:33 4.11.2019 Среда [INFO]:    Claimant: 8
14:33 4.11.2019 Среда [INFO]:--------
14:33 4.11.2019 Среда [INFO]:End request
14:33 4.11.2019 Среда [INFO]:-------------------
14:33 4.11.2019 Среда [INFO]:-------------------
14:33 4.11.2019 Среда [INFO]:Request:
14:33 4.11.2019 Среда [INFO]:--------
14:33 4.11.2019 Среда [INFO]: reportName: Отчет по взысканным ДС
14:33 4.11.2019 Среда [INFO]: reportUrl: paymentresult-mode0
14:33 4.11.2019 Среда [INFO]: params:
14:33 4.11.2019 Среда [INFO]:    DateFrom: 01.11.2019
14:33 4.11.2019 Среда [INFO]:    DateTo: 03.11.2019
14:33 4.11.2019 Среда [INFO]:    DepartmentID: 39
14:33 4.11.2019 Среда [INFO]:    Claimant: 8
14:33 4.11.2019 Среда [INFO]:--------
14:33 4.11.2019 Среда [INFO]:End request
14:33 4.11.2019 Среда [INFO]:-------------------
14:33 4.11.2019 Среда [INFO]:-------------------
14:33 4.11.2019 Среда [INFO]:Request:
14:33 4.11.2019 Среда [INFO]:--------
14:33 4.11.2019 Среда [INFO]: reportName: Отчет по взысканным ДС
14:33 4.11.2019 Среда [INFO]: reportUrl: paymentresult-mode0
14:33 4.11.2019 Среда [INFO]: params:
14:33 4.11.2019 Среда [INFO]:    DateFrom: 01.11.2019
14:33 4.11.2019 Среда [INFO]:    DateTo: 03.11.2019
14:33 4.11.2019 Среда [INFO]:    DepartmentID: 39
14:33 4.11.2019 Среда [INFO]:    Claimant: 8
14:33 4.11.2019 Среда [INFO]:--------
14:33 4.11.2019 Среда [INFO]:End request
14:33 4.11.2019 Среда [INFO]:-------------------
17:16 4.11.2019 Среда [INFO]:-------------------
17:16 4.11.2019 Среда [INFO]:Request:
17:16 4.11.2019 Среда [INFO]:--------
17:16 4.11.2019 Среда [INFO]: reportName: Отчёт по претензиям
17:16 4.11.2019 Среда [INFO]: reportUrl: pretenz_manual
17:16 4.11.2019 Среда [INFO]: params:
17:16 4.11.2019 Среда [INFO]:    MonthPretenz: 01.11.2019
17:16 4.11.2019 Среда [INFO]:    SupplierID: 0
17:16 4.11.2019 Среда [INFO]:    CheckDate: 2019-11-28
17:16 4.11.2019 Среда [INFO]:--------
17:16 4.11.2019 Среда [INFO]:End request
17:16 4.11.2019 Среда [INFO]:-------------------
17:16 4.11.2019 Среда [INFO]:-------------------
17:16 4.11.2019 Среда [INFO]:Request:
17:16 4.11.2019 Среда [INFO]:--------
17:16 4.11.2019 Среда [INFO]: reportName: Отчёт по претензиям
17:16 4.11.2019 Среда [INFO]: reportUrl: pretenz_manual
17:16 4.11.2019 Среда [INFO]: params:
17:16 4.11.2019 Среда [INFO]:    MonthPretenz: 01.11.2019
17:16 4.11.2019 Среда [INFO]:    SupplierID: 0
17:16 4.11.2019 Среда [INFO]:    CheckDate: 2019-11-28
17:16 4.11.2019 Среда [INFO]:--------
17:16 4.11.2019 Среда [INFO]:End request
17:16 4.11.2019 Среда [INFO]:-------------------
17:17 4.11.2019 Среда [INFO]:-------------------
17:17 4.11.2019 Среда [INFO]:Request:
17:17 4.11.2019 Среда [INFO]:--------
17:17 4.11.2019 Среда [INFO]: reportName: Отчёт по претензиям
17:17 4.11.2019 Среда [INFO]: reportUrl: pretenz_manual
17:17 4.11.2019 Среда [INFO]: params:
17:17 4.11.2019 Среда [INFO]:    DepartmentID: 69
17:17 4.11.2019 Среда [INFO]:    MonthPretenz: 01.11.2019
17:17 4.11.2019 Среда [INFO]:    SupplierID: 0
17:17 4.11.2019 Среда [INFO]:    CheckDate: 2019-11-28
17:17 4.11.2019 Среда [INFO]:--------
17:17 4.11.2019 Среда [INFO]:End request
17:17 4.11.2019 Среда [INFO]:-------------------
17:17 4.11.2019 Среда [INFO]:-------------------
17:17 4.11.2019 Среда [INFO]:Request:
17:17 4.11.2019 Среда [INFO]:--------
17:17 4.11.2019 Среда [INFO]: reportName: Отчёт по претензиям
17:17 4.11.2019 Среда [INFO]: reportUrl: pretenz_manual
17:17 4.11.2019 Среда [INFO]: params:
17:17 4.11.2019 Среда [INFO]:    DepartmentID: 69
17:17 4.11.2019 Среда [INFO]:    MonthPretenz: 01.11.2019
17:17 4.11.2019 Среда [INFO]:    SupplierID: 0
17:17 4.11.2019 Среда [INFO]:    CheckDate: 2019-11-28
17:17 4.11.2019 Среда [INFO]:--------
17:17 4.11.2019 Среда [INFO]:End request
17:17 4.11.2019 Среда [INFO]:-------------------
17:18 4.11.2019 Среда [INFO]:-------------------
17:18 4.11.2019 Среда [INFO]:Request:
17:18 4.11.2019 Среда [INFO]:--------
17:18 4.11.2019 Среда [INFO]: reportName: Отчёт по претензиям
17:18 4.11.2019 Среда [INFO]: reportUrl: pretenz_manual
17:18 4.11.2019 Среда [INFO]: params:
17:18 4.11.2019 Среда [INFO]:    DepartmentID: 69
17:18 4.11.2019 Среда [INFO]:    MonthPretenz: 01.11.2019
17:18 4.11.2019 Среда [INFO]:    SupplierID: 0
17:18 4.11.2019 Среда [INFO]:    CheckDate: 2019-11-28
17:18 4.11.2019 Среда [INFO]:--------
17:18 4.11.2019 Среда [INFO]:End request
17:18 4.11.2019 Среда [INFO]:-------------------
17:19 4.11.2019 Среда [INFO]:-------------------
17:19 4.11.2019 Среда [INFO]:Request:
17:19 4.11.2019 Среда [INFO]:--------
17:19 4.11.2019 Среда [INFO]: reportName: Отчёт по претензиям
17:19 4.11.2019 Среда [INFO]: reportUrl: pretenz_manual
17:19 4.11.2019 Среда [INFO]: params:
17:19 4.11.2019 Среда [INFO]:    DepartmentID: 69
17:19 4.11.2019 Среда [INFO]:    MonthPretenz: 01.11.2019
17:19 4.11.2019 Среда [INFO]:    SupplierID: 0
17:19 4.11.2019 Среда [INFO]:    CheckDate: 2019-11-28
17:19 4.11.2019 Среда [INFO]:--------
17:19 4.11.2019 Среда [INFO]:End request
17:19 4.11.2019 Среда [INFO]:-------------------
9:35 5.11.2019 Четверг [INFO]:-------------------
9:35 5.11.2019 Четверг [INFO]:Request:
9:35 5.11.2019 Четверг [INFO]:--------
9:35 5.11.2019 Четверг [INFO]: reportName: Отчёт по претензиям
9:35 5.11.2019 Четверг [INFO]: reportUrl: pretenz_manual
9:35 5.11.2019 Четверг [INFO]: params:
9:35 5.11.2019 Четверг [INFO]:    DepartmentID: 69
9:35 5.11.2019 Четверг [INFO]:    MonthPretenz: 01.11.2019
9:35 5.11.2019 Четверг [INFO]:    SupplierID: 0
9:35 5.11.2019 Четверг [INFO]:    CheckDate: 2019-11-28
9:35 5.11.2019 Четверг [INFO]:--------
9:35 5.11.2019 Четверг [INFO]:End request
9:35 5.11.2019 Четверг [INFO]:-------------------
9:38 5.11.2019 Четверг [INFO]:-------------------
9:38 5.11.2019 Четверг [INFO]:Request:
9:38 5.11.2019 Четверг [INFO]:--------
9:38 5.11.2019 Четверг [INFO]: reportName: Отчёт по претензиям
9:38 5.11.2019 Четверг [INFO]: reportUrl: pretenz_manual
9:38 5.11.2019 Четверг [INFO]: params:
9:38 5.11.2019 Четверг [INFO]:    DepartmentID: 69
9:38 5.11.2019 Четверг [INFO]:    MonthPretenz: 01.11.2019
9:38 5.11.2019 Четверг [INFO]:    SupplierID: 0
9:38 5.11.2019 Четверг [INFO]:    CheckDate: 2019-11-28
9:38 5.11.2019 Четверг [INFO]:--------
9:38 5.11.2019 Четверг [INFO]:End request
9:38 5.11.2019 Четверг [INFO]:-------------------
9:39 5.11.2019 Четверг [INFO]:-------------------
9:39 5.11.2019 Четверг [INFO]:Request:
9:39 5.11.2019 Четверг [INFO]:--------
9:39 5.11.2019 Четверг [INFO]: reportName: Отчёт по претензиям
9:39 5.11.2019 Четверг [INFO]: reportUrl: pretenz_manual
9:39 5.11.2019 Четверг [INFO]: params:
9:39 5.11.2019 Четверг [INFO]:    DepartmentID: 69
9:39 5.11.2019 Четверг [INFO]:    MonthPretenz: 01.11.2019
9:39 5.11.2019 Четверг [INFO]:    SupplierID: 0
9:39 5.11.2019 Четверг [INFO]:    CheckDate: 2019-11-28
9:39 5.11.2019 Четверг [INFO]:--------
9:39 5.11.2019 Четверг [INFO]:End request
9:39 5.11.2019 Четверг [INFO]:-------------------
9:39 5.11.2019 Четверг [INFO]:-------------------
9:39 5.11.2019 Четверг [INFO]:Request:
9:39 5.11.2019 Четверг [INFO]:--------
9:39 5.11.2019 Четверг [INFO]: reportName: Отчёт по претензиям
9:39 5.11.2019 Четверг [INFO]: reportUrl: pretenz_manual
9:39 5.11.2019 Четверг [INFO]: params:
9:39 5.11.2019 Четверг [INFO]:    DepartmentID: 69
9:39 5.11.2019 Четверг [INFO]:    MonthPretenz: 01.11.2019
9:39 5.11.2019 Четверг [INFO]:    SupplierID: 0
9:39 5.11.2019 Четверг [INFO]:    CheckDate: 2019-11-28
9:39 5.11.2019 Четверг [INFO]:--------
9:39 5.11.2019 Четверг [INFO]:End request
9:39 5.11.2019 Четверг [INFO]:-------------------
9:43 5.11.2019 Четверг [INFO]:-------------------
9:43 5.11.2019 Четверг [INFO]:Request:
9:43 5.11.2019 Четверг [INFO]:--------
9:43 5.11.2019 Четверг [INFO]: reportName: Отчёт по претензиям
9:43 5.11.2019 Четверг [INFO]: reportUrl: pretenz_manual
9:43 5.11.2019 Четверг [INFO]: params:
9:43 5.11.2019 Четверг [INFO]:    DepartmentID: 69
9:43 5.11.2019 Четверг [INFO]:    MonthPretenz: 01.11.2019
9:43 5.11.2019 Четверг [INFO]:    SupplierID: 2104
9:43 5.11.2019 Четверг [INFO]:    CheckDate: 2019-11-28
9:43 5.11.2019 Четверг [INFO]:--------
9:43 5.11.2019 Четверг [INFO]:End request
9:43 5.11.2019 Четверг [INFO]:-------------------